<?xml version="1.0" encoding="UTF-8"?>
<!-- Generated by org.testng.reporters.JUnitReportReporter -->
<testsuite hostname="Eldrid" name="test.DropDownTest" tests="1" failures="0" timestamp="7 Apr 2019 15:02:09 GMT" time="21.218" errors="0">
  <testcase name="Dropdown" time="21.218" classname="test.DropDownTest"/>
</testsuite> <!-- test.DropDownTest -->
