<?xml version="1.0" encoding="UTF-8"?>
<!-- Generated by org.testng.reporters.JUnitReportReporter -->
<testsuite hostname="Eldrid" name="test.TechfiosDatabaseTest" tests="1" failures="0" timestamp="11 Apr 2019 00:48:04 GMT" time="15.399" errors="0">
  <testcase name="TechfiosDatabaselogin" time="15.399" classname="test.TechfiosDatabaseTest"/>
</testsuite> <!-- test.TechfiosDatabaseTest -->
