<?xml version="1.0" encoding="UTF-8"?>
<!-- Generated by org.testng.reporters.JUnitReportReporter -->
<testsuite hostname="Eldrid" name="test.MouseHoverTest" tests="1" failures="0" timestamp="8 Apr 2019 23:59:55 GMT" time="24.108" errors="0">
  <testcase name="Mousehover" time="24.108" classname="test.MouseHoverTest"/>
</testsuite> <!-- test.MouseHoverTest -->
