<?xml version="1.0" encoding="UTF-8"?>
<!-- Generated by org.testng.reporters.JUnitReportReporter -->
<testsuite hostname="Eldrid" name="test.DatabaseTest" tests="1" failures="0" timestamp="10 Apr 2019 02:55:41 GMT" time="42.040" errors="0">
  <testcase name="database" time="42.040" classname="test.DatabaseTest"/>
</testsuite> <!-- test.DatabaseTest -->
