<?xml version="1.0" encoding="UTF-8"?>
<!-- Generated by org.testng.reporters.JUnitReportReporter -->
<testsuite hostname="Eldrid" name="test.AlertTest" tests="1" failures="0" timestamp="8 Apr 2019 23:38:02 GMT" time="80.533" errors="0">
  <testcase name="Iframe" time="80.533" classname="test.AlertTest"/>
</testsuite> <!-- test.AlertTest -->
