<?xml version="1.0" encoding="UTF-8"?>
<!-- Generated by org.testng.reporters.JUnitReportReporter -->
<testsuite hostname="Eldrid" name="test.TitleTest" tests="1" failures="0" timestamp="9 Apr 2019 00:37:00 GMT" time="36.797" errors="0">
  <testcase name="titletest" time="36.797" classname="test.TitleTest"/>
</testsuite> <!-- test.TitleTest -->
